2023-10-26 07:04:11 INFO  com.payroll.erp.PayrollApplication - Starting PayrollApplication using Java 17.0.8.1 with PID 8864 (D:\payroll\target\classes started by INTEK in D:\payroll)
2023-10-26 07:04:11 INFO  com.payroll.erp.PayrollApplication - The following 1 profile is active: "dev"
2023-10-26 07:04:11 INFO  o.s.b.d.restart.ChangeableUrls - The Class-Path manifest attribute in C:\Users\INTEK\.m2\repository\com\oracle\database\jdbc\ojdbc8\21.9.0.0\ojdbc8-21.9.0.0.jar referenced one or more files that do not exist: file:/C:/Users/INTEK/.m2/repository/com/oracle/database/jdbc/ojdbc8/21.9.0.0/oraclepki.jar
2023-10-26 07:04:11 INFO  o.s.b.d.restart.ChangeableUrls - The Class-Path manifest attribute in C:\Users\INTEK\.m2\repository\org\apache\cassandra\cassandra-all\0.8.1\cassandra-all-0.8.1.jar referenced one or more files that do not exist: file:/C:/Users/INTEK/.m2/repository/org/apache/cassandra/cassandra-all/0.8.1/apache-cassandra-thrift-0.8.1.jar
2023-10-26 07:04:11 INFO  o.s.b.d.e.DevToolsPropertyDefaultsPostProcessor - Devtools property defaults active! Set 'spring.devtools.add-properties' to 'false' to disable
2023-10-26 07:04:11 INFO  o.s.b.d.e.DevToolsPropertyDefaultsPostProcessor - For additional web related logging consider setting the 'logging.level.web' property to 'DEBUG'
2023-10-26 07:04:14 INFO  o.s.d.r.c.RepositoryConfigurationDelegate - Bootstrapping Spring Data JPA repositories in DEFAULT mode.
2023-10-26 07:04:15 INFO  o.s.d.r.c.RepositoryConfigurationDelegate - Finished Spring Data repository scanning in 138 ms. Found 8 JPA repository interfaces.
2023-10-26 07:04:16 INFO  o.s.b.w.e.tomcat.TomcatWebServer - Tomcat initialized with port(s): 1112 (http)
2023-10-26 07:04:16 INFO  o.a.catalina.core.StandardService - Starting service [Tomcat]
2023-10-26 07:04:16 INFO  o.a.catalina.core.StandardEngine - Starting Servlet engine: [Apache Tomcat/10.1.13]
2023-10-26 07:04:16 INFO  o.a.c.c.C.[Tomcat].[localhost].[/] - Initializing Spring embedded WebApplicationContext
2023-10-26 07:04:16 INFO  o.s.b.w.s.c.ServletWebServerApplicationContext - Root WebApplicationContext: initialization completed in 4869 ms
2023-10-26 07:04:17 INFO  com.zaxxer.hikari.HikariDataSource - HikariPool-1 - Starting...
2023-10-26 07:04:17 WARN  c.z.hikari.util.DriverDataSource - Registered driver with driverClassName=oracle.jdbc.driver.OracleDriver was not found, trying direct instantiation.
2023-10-26 07:04:17 INFO  com.zaxxer.hikari.pool.HikariPool - HikariPool-1 - Added connection oracle.jdbc.driver.T4CConnection@7ce53d14
2023-10-26 07:04:17 INFO  com.zaxxer.hikari.HikariDataSource - HikariPool-1 - Start completed.
2023-10-26 07:04:18 INFO  SQL dialect - HHH000400: Using dialect: org.hibernate.dialect.Oracle10gDialect
2023-10-26 07:04:20 INFO  o.s.o.j.LocalContainerEntityManagerFactoryBean - Initialized JPA EntityManagerFactory for persistence unit 'default'
2023-10-26 07:04:21 WARN  o.s.b.a.o.j.JpaBaseConfiguration$JpaWebConfiguration - spring.jpa.open-in-view is enabled by default. Therefore, database queries may be performed during view rendering. Explicitly configure spring.jpa.open-in-view to disable this warning
2023-10-26 07:04:22 INFO  o.s.s.web.DefaultSecurityFilterChain - Will secure any request with [org.springframework.security.web.session.DisableEncodeUrlFilter@54f19990, org.springframework.security.web.context.request.async.WebAsyncManagerIntegrationFilter@ac677f3, org.springframework.security.web.context.SecurityContextHolderFilter@2d78eb17, org.springframework.security.web.header.HeaderWriterFilter@6356d051, org.springframework.security.web.authentication.logout.LogoutFilter@7aff3f0b, com.payroll.erp.jwt.JwtAuthenticationFilter@6fdb7d02, org.springframework.security.web.savedrequest.RequestCacheAwareFilter@33d25bb0, org.springframework.security.web.servletapi.SecurityContextHolderAwareRequestFilter@2ab3fffa, org.springframework.security.web.authentication.AnonymousAuthenticationFilter@6bc7cb09, org.springframework.security.web.session.SessionManagementFilter@79928149, org.springframework.security.web.access.ExceptionTranslationFilter@6e3e2ce8, org.springframework.security.web.access.intercept.AuthorizationFilter@6e061de0]
2023-10-26 07:04:22 INFO  o.s.b.d.a.OptionalLiveReloadServer - LiveReload server is running on port 35729
2023-10-26 07:04:22 INFO  o.s.b.w.e.tomcat.TomcatWebServer - Tomcat started on port(s): 1112 (http) with context path ''
2023-10-26 07:04:22 INFO  com.payroll.erp.PayrollApplication - Started PayrollApplication in 12.502 seconds (process running for 16.284)
2023-10-26 07:04:27 INFO  o.a.c.c.C.[Tomcat].[localhost].[/] - Initializing Spring DispatcherServlet 'dispatcherServlet'
2023-10-26 07:04:27 INFO  o.s.web.servlet.DispatcherServlet - Initializing Servlet 'dispatcherServlet'
2023-10-26 07:04:27 INFO  o.s.web.servlet.DispatcherServlet - Completed initialization in 11 ms
2023-10-26 07:04:27 INFO  o.s.web.filter.OncePerRequestFilter - Invalid Header Value and Not StartWith Bearer!! 
2023-10-26 07:04:28 INFO  o.s.web.filter.OncePerRequestFilter - Invalid Header Value and Not StartWith Bearer!! 
2023-10-26 07:04:28 INFO  o.s.web.filter.OncePerRequestFilter - Invalid Header Value and Not StartWith Bearer!! 
2023-10-26 07:04:28 INFO  o.s.web.filter.OncePerRequestFilter - Invalid Header Value and Not StartWith Bearer!! 
2023-10-26 07:04:28 INFO  o.s.web.filter.OncePerRequestFilter - Invalid Header Value and Not StartWith Bearer!! 
2023-10-26 07:04:28 INFO  o.s.web.filter.OncePerRequestFilter - Invalid Header Value and Not StartWith Bearer!! 
2023-10-26 07:04:28 INFO  o.s.web.filter.OncePerRequestFilter - Invalid Header Value and Not StartWith Bearer!! 
2023-10-26 07:04:29 INFO  o.s.web.filter.OncePerRequestFilter - Invalid Header Value and Not StartWith Bearer!! 
2023-10-26 07:04:29 INFO  o.s.web.filter.OncePerRequestFilter - Invalid Header Value and Not StartWith Bearer!! 
2023-10-26 07:04:30 INFO  o.s.api.AbstractOpenApiResource - Init duration for springdoc-openapi is: 1346 ms
2023-10-26 09:37:53 WARN  com.zaxxer.hikari.pool.HikariPool - HikariPool-1 - Thread starvation or clock leap detected (housekeeper delta=56m3s980ms955µs800ns).
2023-10-26 12:42:54 WARN  com.zaxxer.hikari.pool.HikariPool - HikariPool-1 - Thread starvation or clock leap detected (housekeeper delta=2h31m1s438ms732µs600ns).
